Analysis & Synthesis report for Mouserial
Sat Sep 07 20:44:18 2019
Quartus II 32-bit Version 13.0.1 Build 232 06/12/2013 Service Pack 1 SJ Web Edition


---------------------
; Table of Contents ;
---------------------
  1. Legal Notice
  2. Analysis & Synthesis Summary
  3. Analysis & Synthesis Settings
  4. Analysis & Synthesis Source Files Read
  5. Analysis & Synthesis Resource Usage Summary
  6. Analysis & Synthesis Resource Utilization by Entity
  7. Parameter Settings for Inferred Entity Instance: lpm_add_sub:Add0
  8. Analysis & Synthesis Messages
  9. Analysis & Synthesis Suppressed Messages



----------------
; Legal Notice ;
----------------
Copyright (C) 1991-2013 Altera Corporation
Your use of Altera Corporation's design tools, logic functions 
and other software and tools, and its AMPP partner logic 
functions, and any output files from any of the foregoing 
(including device programming or simulation files), and any 
associated documentation or information are expressly subject 
to the terms and conditions of the Altera Program License 
Subscription Agreement, Altera MegaCore Function License 
Agreement, or other applicable license agreement, including, 
without limitation, that your use is for the sole purpose of 
programming logic devices manufactured by Altera and sold by 
Altera or its authorized distributors.  Please refer to the 
applicable agreement for further details.



+-------------------------------------------------------------------------------+
; Analysis & Synthesis Summary                                                  ;
+-----------------------------+-------------------------------------------------+
; Analysis & Synthesis Status ; Successful - Sat Sep 07 20:44:18 2019           ;
; Quartus II 32-bit Version   ; 13.0.1 Build 232 06/12/2013 SP 1 SJ Web Edition ;
; Revision Name               ; Mouserial                                       ;
; Top-level Entity Name       ; Mouserial                                       ;
; Family                      ; MAX7000S                                        ;
; Total macrocells            ; 103                                             ;
; Total pins                  ; 63                                              ;
+-----------------------------+-------------------------------------------------+


+--------------------------------------------------------------------------------------------------------------+
; Analysis & Synthesis Settings                                                                                ;
+----------------------------------------------------------------------------+-----------------+---------------+
; Option                                                                     ; Setting         ; Default Value ;
+----------------------------------------------------------------------------+-----------------+---------------+
; Device                                                                     ; EPM7128SLC84-15 ;               ;
; Top-level entity name                                                      ; Mouserial       ; Mouserial     ;
; Family name                                                                ; MAX7000S        ; Cyclone IV GX ;
; Preserve fewer node names                                                  ; Off             ; On            ;
; Verilog Show LMF Mapping Messages                                          ; Off             ;               ;
; State Machine Processing                                                   ; User-Encoded    ; Auto          ;
; Infer RAMs from Raw Logic                                                  ; Off             ; On            ;
; Parallel Synthesis                                                         ; Off             ; On            ;
; Ignore LCELL Buffers                                                       ; Off             ; Auto          ;
; Auto Logic Cell Insertion                                                  ; Off             ; On            ;
; Auto Resource Sharing                                                      ; On              ; Off           ;
; Analysis & Synthesis Message Level                                         ; High            ; Medium        ;
; Use smart compilation                                                      ; Off             ; Off           ;
; Enable parallel Assembler and TimeQuest Timing Analyzer during compilation ; On              ; On            ;
; Enable compact report table                                                ; Off             ; Off           ;
; Create Debugging Nodes for IP Cores                                        ; Off             ; Off           ;
; Disable OpenCore Plus hardware evaluation                                  ; Off             ; Off           ;
; Verilog Version                                                            ; Verilog_2001    ; Verilog_2001  ;
; VHDL Version                                                               ; VHDL_1993       ; VHDL_1993     ;
; Safe State Machine                                                         ; Off             ; Off           ;
; Extract Verilog State Machines                                             ; On              ; On            ;
; Extract VHDL State Machines                                                ; On              ; On            ;
; Ignore Verilog initial constructs                                          ; Off             ; Off           ;
; Iteration limit for constant Verilog loops                                 ; 5000            ; 5000          ;
; Iteration limit for non-constant Verilog loops                             ; 250             ; 250           ;
; Add Pass-Through Logic to Inferred RAMs                                    ; On              ; On            ;
; NOT Gate Push-Back                                                         ; On              ; On            ;
; Power-Up Don't Care                                                        ; On              ; On            ;
; Remove Duplicate Registers                                                 ; On              ; On            ;
; Ignore CARRY Buffers                                                       ; Off             ; Off           ;
; Ignore CASCADE Buffers                                                     ; Off             ; Off           ;
; Ignore GLOBAL Buffers                                                      ; Off             ; Off           ;
; Ignore ROW GLOBAL Buffers                                                  ; Off             ; Off           ;
; Ignore SOFT Buffers                                                        ; Off             ; Off           ;
; Limit AHDL Integers to 32 Bits                                             ; Off             ; Off           ;
; Optimization Technique                                                     ; Speed           ; Speed         ;
; Allow XOR Gate Usage                                                       ; On              ; On            ;
; Parallel Expander Chain Length                                             ; 4               ; 4             ;
; Auto Parallel Expanders                                                    ; On              ; On            ;
; Auto Open-Drain Pins                                                       ; On              ; On            ;
; Maximum Fan-in Per Macrocell                                               ; 100             ; 100           ;
; Use LogicLock Constraints during Resource Balancing                        ; On              ; On            ;
; Ignore translate_off and synthesis_off directives                          ; Off             ; Off           ;
; Report Parameter Settings                                                  ; On              ; On            ;
; Report Source Assignments                                                  ; On              ; On            ;
; Report Connectivity Checks                                                 ; On              ; On            ;
; HDL message level                                                          ; Level2          ; Level2        ;
; Suppress Register Optimization Related Messages                            ; Off             ; Off           ;
; Number of Removed Registers Reported in Synthesis Report                   ; 5000            ; 5000          ;
; Number of Swept Nodes Reported in Synthesis Report                         ; 5000            ; 5000          ;
; Number of Inverted Registers Reported in Synthesis Report                  ; 100             ; 100           ;
; Block Design Naming                                                        ; Auto            ; Auto          ;
; Synthesis Effort                                                           ; Auto            ; Auto          ;
; Shift Register Replacement - Allow Asynchronous Clear Signal               ; On              ; On            ;
; Pre-Mapping Resynthesis Optimization                                       ; Off             ; Off           ;
; Disable Register Merging Across Hierarchies                                ; Auto            ; Auto          ;
; Synthesis Seed                                                             ; 1               ; 1             ;
+----------------------------------------------------------------------------+-----------------+---------------+


+-------------------------------------------------------------------------------------------------------------------------------------------------------------------+
; Analysis & Synthesis Source Files Read                                                                                                                            ;
+----------------------------------+-----------------+------------------------+---------------------------------------------------------------------------+---------+
; File Name with User-Entered Path ; Used in Netlist ; File Type              ; File Name with Absolute Path                                              ; Library ;
+----------------------------------+-----------------+------------------------+---------------------------------------------------------------------------+---------+
; Mouserial.v                      ; yes             ; User Verilog HDL File  ; Z:/Repos/Mouserial/cpld/Mouserial.v                                       ;         ;
; lpm_add_sub.tdf                  ; yes             ; Megafunction           ; c:/altera/13.0sp1/quartus/libraries/megafunctions/lpm_add_sub.tdf         ;         ;
; addcore.inc                      ; yes             ; Megafunction           ; c:/altera/13.0sp1/quartus/libraries/megafunctions/addcore.inc             ;         ;
; look_add.inc                     ; yes             ; Megafunction           ; c:/altera/13.0sp1/quartus/libraries/megafunctions/look_add.inc            ;         ;
; bypassff.inc                     ; yes             ; Megafunction           ; c:/altera/13.0sp1/quartus/libraries/megafunctions/bypassff.inc            ;         ;
; altshift.inc                     ; yes             ; Megafunction           ; c:/altera/13.0sp1/quartus/libraries/megafunctions/altshift.inc            ;         ;
; alt_stratix_add_sub.inc          ; yes             ; Megafunction           ; c:/altera/13.0sp1/quartus/libraries/megafunctions/alt_stratix_add_sub.inc ;         ;
; aglobal130.inc                   ; yes             ; Megafunction           ; c:/altera/13.0sp1/quartus/libraries/megafunctions/aglobal130.inc          ;         ;
; addcore.tdf                      ; yes             ; Megafunction           ; c:/altera/13.0sp1/quartus/libraries/megafunctions/addcore.tdf             ;         ;
; a_csnbuffer.inc                  ; yes             ; Megafunction           ; c:/altera/13.0sp1/quartus/libraries/megafunctions/a_csnbuffer.inc         ;         ;
; a_csnbuffer.tdf                  ; yes             ; Megafunction           ; c:/altera/13.0sp1/quartus/libraries/megafunctions/a_csnbuffer.tdf         ;         ;
; altshift.tdf                     ; yes             ; Megafunction           ; c:/altera/13.0sp1/quartus/libraries/megafunctions/altshift.tdf            ;         ;
+----------------------------------+-----------------+------------------------+---------------------------------------------------------------------------+---------+


+---------------------------------------------+
; Analysis & Synthesis Resource Usage Summary ;
+----------------------+----------------------+
; Resource             ; Usage                ;
+----------------------+----------------------+
; Logic cells          ; 103                  ;
; Total registers      ; 68                   ;
; I/O pins             ; 63                   ;
; Shareable expanders  ; 2                    ;
; Parallel expanders   ; 1                    ;
; Maximum fan-out node ; nRES                 ;
; Maximum fan-out      ; 66                   ;
; Total fan-out        ; 683                  ;
; Average fan-out      ; 4.07                 ;
+----------------------+----------------------+


+-------------------------------------------------------------------------------------+
; Analysis & Synthesis Resource Utilization by Entity                                 ;
+----------------------------+------------+------+---------------------+--------------+
; Compilation Hierarchy Node ; Macrocells ; Pins ; Full Hierarchy Name ; Library Name ;
+----------------------------+------------+------+---------------------+--------------+
; |Mouserial                 ; 103        ; 63   ; |Mouserial          ; work         ;
+----------------------------+------------+------+---------------------+--------------+


+-------------------------------------------------------------------+
; Parameter Settings for Inferred Entity Instance: lpm_add_sub:Add0 ;
+------------------------+-------------+----------------------------+
; Parameter Name         ; Value       ; Type                       ;
+------------------------+-------------+----------------------------+
; LPM_WIDTH              ; 5           ; Untyped                    ;
; LPM_REPRESENTATION     ; UNSIGNED    ; Untyped                    ;
; LPM_DIRECTION          ; ADD         ; Untyped                    ;
; ONE_INPUT_IS_CONSTANT  ; YES         ; Untyped                    ;
; LPM_PIPELINE           ; 0           ; Untyped                    ;
; MAXIMIZE_SPEED         ; 5           ; Untyped                    ;
; REGISTERED_AT_END      ; 0           ; Untyped                    ;
; OPTIMIZE_FOR_SPEED     ; 5           ; Untyped                    ;
; USE_CS_BUFFERS         ; 1           ; Untyped                    ;
; CARRY_CHAIN            ; MANUAL      ; Untyped                    ;
; CARRY_CHAIN_LENGTH     ; 48          ; CARRY_CHAIN_LENGTH         ;
; DEVICE_FAMILY          ; MAX7000S    ; Untyped                    ;
; USE_WYS                ; OFF         ; Untyped                    ;
; STYLE                  ; FAST        ; Untyped                    ;
; CBXI_PARAMETER         ; add_sub_onh ; Untyped                    ;
; AUTO_CARRY_CHAINS      ; ON          ; AUTO_CARRY                 ;
; IGNORE_CARRY_BUFFERS   ; OFF         ; IGNORE_CARRY               ;
; AUTO_CASCADE_CHAINS    ; ON          ; AUTO_CASCADE               ;
; IGNORE_CASCADE_BUFFERS ; OFF         ; IGNORE_CASCADE             ;
+------------------------+-------------+----------------------------+
Note: In order to hide this table in the UI and the text report file, please set the "Show Parameter Settings in Synthesis Report" option in "Analysis and Synthesis Settings -> More Settings" to "Off".


+-------------------------------+
; Analysis & Synthesis Messages ;
+-------------------------------+
Info: *******************************************************************
Info: Running Quartus II 32-bit Analysis & Synthesis
    Info: Version 13.0.1 Build 232 06/12/2013 Service Pack 1 SJ Web Edition
    Info: Processing started: Sat Sep 07 20:44:07 2019
Info: Command: quartus_map --read_settings_files=on --write_settings_files=off Mouserial -c Mouserial
Warning (20028): Parallel compilation is not licensed and has been disabled
Info (12021): Found 1 design units, including 1 entities, in source file mouserial.v
    Info (12023): Found entity 1: Mouserial
Info (12127): Elaborating entity "Mouserial" for the top level hierarchy
Warning (10230): Verilog HDL assignment warning at Mouserial.v(34): truncated value with size 32 to match size of target (5)
Warning (10230): Verilog HDL assignment warning at Mouserial.v(142): truncated value with size 32 to match size of target (3)
Info (278001): Inferred 1 megafunctions from design logic
    Info (278002): Inferred adder/subtractor megafunction ("lpm_add_sub") from the following logic: "Add0"
Info (12130): Elaborated megafunction instantiation "lpm_add_sub:Add0"
Info (12133): Instantiated megafunction "lpm_add_sub:Add0" with the following parameter:
    Info (12134): Parameter "LPM_WIDTH" = "5"
    Info (12134): Parameter "LPM_DIRECTION" = "ADD"
    Info (12134): Parameter "LPM_REPRESENTATION" = "UNSIGNED"
    Info (12134): Parameter "ONE_INPUT_IS_CONSTANT" = "YES"
Info (12131): Elaborated megafunction instantiation "lpm_add_sub:Add0|addcore:adder", which is child of megafunction instantiation "lpm_add_sub:Add0"
Info (12131): Elaborated megafunction instantiation "lpm_add_sub:Add0|addcore:adder|a_csnbuffer:oflow_node", which is child of megafunction instantiation "lpm_add_sub:Add0"
Info (12131): Elaborated megafunction instantiation "lpm_add_sub:Add0|addcore:adder|a_csnbuffer:result_node", which is child of megafunction instantiation "lpm_add_sub:Add0"
Info (12131): Elaborated megafunction instantiation "lpm_add_sub:Add0|addcore:adder|addcore:adder[0]", which is child of megafunction instantiation "lpm_add_sub:Add0"
Info (12131): Elaborated megafunction instantiation "lpm_add_sub:Add0|addcore:adder|addcore:adder[0]|a_csnbuffer:oflow_node", which is child of megafunction instantiation "lpm_add_sub:Add0"
Info (12131): Elaborated megafunction instantiation "lpm_add_sub:Add0|addcore:adder|addcore:adder[0]|a_csnbuffer:result_node", which is child of megafunction instantiation "lpm_add_sub:Add0"
Info (12131): Elaborated megafunction instantiation "lpm_add_sub:Add0|altshift:result_ext_latency_ffs", which is child of megafunction instantiation "lpm_add_sub:Add0"
Info (12131): Elaborated megafunction instantiation "lpm_add_sub:Add0|altshift:carry_ext_latency_ffs", which is child of megafunction instantiation "lpm_add_sub:Add0"
Info (13014): Ignored 6 buffer(s)
    Info (13019): Ignored 6 SOFT buffer(s)
Info (280013): Promoted pin-driven signal(s) to global signal
    Info (280014): Promoted clock signal driven by pin "C7M" to global clock signal
    Info (280015): Promoted clear signal driven by pin "nRES" to global clear signal
Warning (21074): Design contains 4 input pin(s) that do not drive logic
    Warning (15610): No output dependent on input pin "nSS"
    Warning (15610): No output dependent on input pin "SCK"
    Warning (15610): No output dependent on input pin "MISO"
    Warning (15610): No output dependent on input pin "MOSI"
Info (21057): Implemented 168 device resources after synthesis - the final resource count might be different
    Info (21058): Implemented 34 input pins
    Info (21059): Implemented 12 output pins
    Info (21060): Implemented 17 bidirectional pins
    Info (21063): Implemented 103 macrocells
    Info (21073): Implemented 2 shareable expanders
Info (144001): Generated suppressed messages file Z:/Repos/Mouserial/cpld/output_files/Mouserial.map.smsg
Info: Quartus II 32-bit Analysis & Synthesis was successful. 0 errors, 8 warnings
    Info: Peak virtual memory: 312 megabytes
    Info: Processing ended: Sat Sep 07 20:44:18 2019
    Info: Elapsed time: 00:00:11
    Info: Total CPU time (on all processors): 00:00:10


+------------------------------------------+
; Analysis & Synthesis Suppressed Messages ;
+------------------------------------------+
The suppressed messages can be found in Z:/Repos/Mouserial/cpld/output_files/Mouserial.map.smsg.


